# JRE version: Java(TM) SE Runtime Environment 18.9 (11.0.10+8) (build 11.0.10+8-LTS-162)
# Java VM: Java HotSpot(TM) 64-Bit Server VM 18.9 (11.0.10+8-LTS-162, mixed mode, tiered, compressed oops, g1 gc, windows-amd64)
Heap:
 garbage-first heap   total 262144K, used 29696K [0x0000000700c00000, 0x0000000800000000)
  region size 1024K, 27 young (27648K), 8 survivors (8192K)
 Metaspace       used 29964K, capacity 30733K, committed 30976K, reserved 1077248K
  class space    used 3521K, capacity 3809K, committed 3840K, reserved 1048576K
GC Heap History (6 events):
Event: 1.003 GC heap before
{Heap before GC invocations=0 (full 0):
 garbage-first heap   total 262144K, used 24576K [0x0000000700c00000, 0x0000000800000000)
  region size 1024K, 24 young (24576K), 0 survivors (0K)
 Metaspace       used 11085K, capacity 11283K, committed 11392K, reserved 1058816K
  class space    used 1052K, capacity 1099K, committed 1152K, reserved 1048576K
}
Event: 1.008 GC heap after
{Heap after GC invocations=1 (full 0):
 garbage-first heap   total 262144K, used 6596K [0x0000000700c00000, 0x0000000800000000)
  region size 1024K, 3 young (3072K), 3 survivors (3072K)
 Metaspace       used 11085K, capacity 11283K, committed 11392K, reserved 1058816K
  class space    used 1052K, capacity 1099K, committed 1152K, reserved 1048576K
}
Event: 2.019 GC heap before
{Heap before GC invocations=1 (full 0):
 garbage-first heap   total 262144K, used 95684K [0x0000000700c00000, 0x0000000800000000)
  region size 1024K, 92 young (94208K), 3 survivors (3072K)
 Metaspace       used 20673K, capacity 21171K, committed 21248K, reserved 1069056K
  class space    used 2316K, capacity 2519K, committed 2560K, reserved 1048576K
}
Event: 2.024 GC heap after
{Heap after GC invocations=2 (full 0):
 garbage-first heap   total 262144K, used 9055K [0x0000000700c00000, 0x0000000800000000)
  region size 1024K, 6 young (6144K), 6 survivors (6144K)
 Metaspace       used 20673K, capacity 21171K, committed 21248K, reserved 1069056K
  class space    used 2316K, capacity 2519K, committed 2560K, reserved 1048576K
}
Event: 2.667 GC heap before
{Heap before GC invocations=3 (full 0):
 garbage-first heap   total 262144K, used 100191K [0x0000000700c00000, 0x0000000800000000)
  region size 1024K, 96 young (98304K), 6 survivors (6144K)
 Metaspace       used 28149K, capacity 28800K, committed 28928K, reserved 1075200K
  class space    used 3277K, capacity 3547K, committed 3584K, reserved 1048576K
}
Event: 2.673 GC heap after
{Heap after GC invocations=4 (full 0):
 garbage-first heap   total 262144K, used 11264K [0x0000000700c00000, 0x0000000800000000)
  region size 1024K, 8 young (8192K), 8 survivors (8192K)
 Metaspace       used 28149K, capacity 28800K, committed 28928K, reserved 1075200K
  class space    used 3277K, capacity 3547K, committed 3584K, reserved 1048576K
}

